[0113/160951.883:ERROR:directory_reader_win.cc(43)] FindFirstFile: Системе не удается найти указанный путь. (0x3)
[0113/232429.675:ERROR:process_reader_win.cc(151)] SuspendThread: Отказано в доступе. (0x5)
[0113/232429.675:ERROR:process_reader_win.cc(151)] SuspendThread: Отказано в доступе. (0x5)
[0113/232429.675:ERROR:process_reader_win.cc(151)] SuspendThread: Отказано в доступе. (0x5)
[0113/232429.675:ERROR:process_reader_win.cc(151)] SuspendThread: Отказано в доступе. (0x5)
[0113/232429.675:ERROR:process_reader_win.cc(151)] SuspendThread: Отказано в доступе. (0x5)
[0113/232429.675:ERROR:process_reader_win.cc(151)] SuspendThread: Отказано в доступе. (0x5)
[0113/232429.675:ERROR:process_reader_win.cc(151)] SuspendThread: Отказано в доступе. (0x5)
[0113/232429.675:ERROR:process_reader_win.cc(151)] SuspendThread: Отказано в доступе. (0x5)
[0113/232429.675:ERROR:process_reader_win.cc(151)] SuspendThread: Отказано в доступе. (0x5)
[0113/232429.675:ERROR:process_reader_win.cc(151)] SuspendThread: Отказано в доступе. (0x5)
[0113/232429.675:ERROR:process_reader_win.cc(151)] SuspendThread: Отказано в доступе. (0x5)
[0113/232429.675:ERROR:process_reader_win.cc(151)] SuspendThread: Отказано в доступе. (0x5)
[0113/232429.675:ERROR:process_reader_win.cc(151)] SuspendThread: Отказано в доступе. (0x5)
[0113/232429.675:ERROR:process_reader_win.cc(151)] SuspendThread: Отказано в доступе. (0x5)
[0113/232429.675:ERROR:process_reader_win.cc(151)] SuspendThread: Отказано в доступе. (0x5)
[0113/232429.675:ERROR:process_reader_win.cc(151)] SuspendThread: Отказано в доступе. (0x5)
[0113/232429.675:ERROR:process_reader_win.cc(151)] SuspendThread: Отказано в доступе. (0x5)
[0113/232429.675:ERROR:process_reader_win.cc(151)] SuspendThread: Отказано в доступе. (0x5)
[0113/232429.675:ERROR:process_reader_win.cc(151)] SuspendThread: Отказано в доступе. (0x5)
[0113/232429.675:ERROR:process_reader_win.cc(151)] SuspendThread: Отказано в доступе. (0x5)
[0113/232429.675:ERROR:process_reader_win.cc(151)] SuspendThread: Отказано в доступе. (0x5)
[0113/232429.675:ERROR:process_reader_win.cc(151)] SuspendThread: Отказано в доступе. (0x5)
[0113/232429.675:ERROR:process_reader_win.cc(151)] SuspendThread: Отказано в доступе. (0x5)
[0113/232429.675:ERROR:process_reader_win.cc(151)] SuspendThread: Отказано в доступе. (0x5)
[0113/232429.675:ERROR:process_reader_win.cc(151)] SuspendThread: Отказано в доступе. (0x5)
[0113/232429.675:ERROR:process_reader_win.cc(151)] SuspendThread: Отказано в доступе. (0x5)
[0113/232429.675:ERROR:process_reader_win.cc(151)] SuspendThread: Отказано в доступе. (0x5)
[0113/232429.675:ERROR:process_reader_win.cc(151)] SuspendThread: Отказано в доступе. (0x5)
[0113/232429.675:ERROR:process_reader_win.cc(151)] SuspendThread: Отказано в доступе. (0x5)
[0113/232429.675:ERROR:process_reader_win.cc(151)] SuspendThread: Отказано в доступе. (0x5)
[0113/232429.675:ERROR:process_reader_win.cc(151)] SuspendThread: Отказано в доступе. (0x5)
[0113/232429.675:ERROR:process_reader_win.cc(151)] SuspendThread: Отказано в доступе. (0x5)
[0113/232429.675:ERROR:process_reader_win.cc(151)] SuspendThread: Отказано в доступе. (0x5)
[0113/232429.675:ERROR:process_reader_win.cc(151)] SuspendThread: Отказано в доступе. (0x5)
[0113/232429.675:ERROR:process_reader_win.cc(151)] SuspendThread: Отказано в доступе. (0x5)
[0113/232429.675:ERROR:process_reader_win.cc(151)] SuspendThread: Отказано в доступе. (0x5)
[0113/232429.675:ERROR:process_reader_win.cc(151)] SuspendThread: Отказано в доступе. (0x5)
[0113/232429.675:ERROR:process_reader_win.cc(151)] SuspendThread: Отказано в доступе. (0x5)
[0113/232429.675:ERROR:process_reader_win.cc(151)] SuspendThread: Отказано в доступе. (0x5)
[0113/232429.675:ERROR:process_reader_win.cc(151)] SuspendThread: Отказано в доступе. (0x5)
[0113/232429.675:ERROR:process_reader_win.cc(123)] NtOpenThread: {Отказано в доступе} Процесс запросил доступ к объекту, но права на доступ не предоставлены. (0xc0000022)
[0113/232429.675:ERROR:process_reader_win.cc(123)] NtOpenThread: {Отказано в доступе} Процесс запросил доступ к объекту, но права на доступ не предоставлены. (0xc0000022)
[0113/232429.675:ERROR:exception_snapshot_win.cc(99)] thread ID 13712 not found in process
[0113/232429.675:ERROR:process_reader_win.cc(151)] SuspendThread: Отказано в доступе. (0x5)
[0113/232429.675:ERROR:exception_snapshot_win.cc(99)] thread ID 21976 not found in process
[0113/232429.675:ERROR:process_reader_win.cc(151)] SuspendThread: Отказано в доступе. (0x5)
[0113/232429.675:ERROR:process_reader_win.cc(151)] SuspendThread: Отказано в доступе. (0x5)
[0113/232429.675:ERROR:process_reader_win.cc(151)] SuspendThread: Отказано в доступе. (0x5)
[0113/232429.675:ERROR:process_reader_win.cc(151)] SuspendThread: Отказано в доступе. (0x5)
[0113/232429.683:ERROR:process_reader_win.cc(151)] SuspendThread: Отказано в доступе. (0x5)
[0113/232429.683:ERROR:process_reader_win.cc(151)] SuspendThread: Отказано в доступе. (0x5)
[0113/232429.683:ERROR:process_reader_win.cc(151)] SuspendThread: Отказано в доступе. (0x5)
[0113/232429.683:ERROR:process_reader_win.cc(151)] SuspendThread: Отказано в доступе. (0x5)
[0113/232429.683:ERROR:process_reader_win.cc(151)] SuspendThread: Отказано в доступе. (0x5)
[0113/232429.683:ERROR:process_reader_win.cc(151)] SuspendThread: Отказано в доступе. (0x5)
[0113/232429.683:ERROR:process_reader_win.cc(151)] SuspendThread: Отказано в доступе. (0x5)
[0113/232429.683:ERROR:process_reader_win.cc(123)] NtOpenThread: {Отказано в доступе} Процесс запросил доступ к объекту, но права на доступ не предоставлены. (0xc0000022)
[0113/232429.683:ERROR:exception_snapshot_win.cc(99)] thread ID 13924 not found in process
[0113/232429.675:ERROR:process_reader_win.cc(123)] NtOpenThread: {Отказано в доступе} Процесс запросил доступ к объекту, но права на доступ не предоставлены. (0xc0000022)
[0113/232429.683:ERROR:exception_snapshot_win.cc(99)] thread ID 9668 not found in process
[0113/232429.683:ERROR:process_reader_win.cc(151)] SuspendThread: Отказано в доступе. (0x5)
[0113/232429.683:ERROR:process_reader_win.cc(151)] SuspendThread: Отказано в доступе. (0x5)
[0113/232429.683:ERROR:process_reader_win.cc(151)] SuspendThread: Отказано в доступе. (0x5)
[0113/232429.683:ERROR:process_reader_win.cc(151)] SuspendThread: Отказано в доступе. (0x5)
[0113/232429.683:ERROR:process_reader_win.cc(151)] SuspendThread: Отказано в доступе. (0x5)
[0113/232429.683:ERROR:process_reader_win.cc(151)] SuspendThread: Отказано в доступе. (0x5)
[0113/232429.683:ERROR:process_reader_win.cc(151)] SuspendThread: Отказано в доступе. (0x5)
[0113/232429.683:ERROR:process_reader_win.cc(151)] SuspendThread: Отказано в доступе. (0x5)
[0113/232429.683:ERROR:process_reader_win.cc(151)] SuspendThread: Отказано в доступе. (0x5)
[0113/232429.683:ERROR:process_reader_win.cc(151)] SuspendThread: Отказано в доступе. (0x5)
[0113/232429.683:ERROR:process_reader_win.cc(151)] SuspendThread: Отказано в доступе. (0x5)
[0113/232429.683:ERROR:process_reader_win.cc(151)] SuspendThread: Отказано в доступе. (0x5)
[0113/232429.683:ERROR:process_reader_win.cc(151)] SuspendThread: Отказано в доступе. (0x5)
[0113/232429.683:ERROR:process_reader_win.cc(151)] SuspendThread: Отказано в доступе. (0x5)
[0113/232429.683:ERROR:process_reader_win.cc(123)] NtOpenThread: {Отказано в доступе} Процесс запросил доступ к объекту, но права на доступ не предоставлены. (0xc0000022)
[0113/232429.683:ERROR:exception_snapshot_win.cc(99)] thread ID 5036 not found in process
[0113/232429.683:ERROR:process_reader_win.cc(151)] SuspendThread: Отказано в доступе. (0x5)
[0113/232429.683:ERROR:process_reader_win.cc(151)] SuspendThread: Отказано в доступе. (0x5)
[0113/232429.683:ERROR:process_reader_win.cc(151)] SuspendThread: Отказано в доступе. (0x5)
[0113/232429.683:ERROR:process_reader_win.cc(151)] SuspendThread: Отказано в доступе. (0x5)
[0113/232429.683:ERROR:process_reader_win.cc(151)] SuspendThread: Отказано в доступе. (0x5)
[0113/232429.683:ERROR:process_reader_win.cc(151)] SuspendThread: Отказано в доступе. (0x5)
[0113/232429.683:ERROR:process_reader_win.cc(151)] SuspendThread: Отказано в доступе. (0x5)
[0113/232429.683:ERROR:process_reader_win.cc(151)] SuspendThread: Отказано в доступе. (0x5)
[0113/232429.683:ERROR:process_reader_win.cc(151)] SuspendThread: Отказано в доступе. (0x5)
[0113/232429.683:ERROR:process_reader_win.cc(151)] SuspendThread: Отказано в доступе. (0x5)
[0113/232429.683:ERROR:process_reader_win.cc(151)] SuspendThread: Отказано в доступе. (0x5)
[0113/232429.683:ERROR:process_reader_win.cc(151)] SuspendThread: Отказано в доступе. (0x5)
[0113/232429.683:ERROR:process_reader_win.cc(151)] SuspendThread: Отказано в доступе. (0x5)
[0113/232429.683:ERROR:process_reader_win.cc(123)] NtOpenThread: {Отказано в доступе} Процесс запросил доступ к объекту, но права на доступ не предоставлены. (0xc0000022)
[0113/232429.683:ERROR:exception_snapshot_win.cc(99)] thread ID 8560 not found in process
[0113/232429.691:ERROR:process_info.cc(329)] VirtualQueryEx: Отказано в доступе. (0x5)
[0113/232429.691:ERROR:process_info.cc(556)] ReadMemoryInfo failed
[0113/232429.691:ERROR:process_memory_win.cc(39)] Failed to initialize ProcessInfo.
[0113/232429.691:ERROR:scoped_process_suspend.cc(40)] NtResumeProcess: Попытка доступа к процессу, выполняющему процедуру завершения. (0xc000010a)
[0113/232429.691:ERROR:process_reader_win.cc(151)] SuspendThread: Отказано в доступе. (0x5)
[0113/232429.691:ERROR:process_reader_win.cc(151)] SuspendThread: Отказано в доступе. (0x5)
[0113/232429.691:ERROR:process_reader_win.cc(151)] SuspendThread: Отказано в доступе. (0x5)
[0113/232429.691:ERROR:process_reader_win.cc(151)] SuspendThread: Отказано в доступе. (0x5)
[0113/232429.691:ERROR:process_reader_win.cc(151)] SuspendThread: Отказано в доступе. (0x5)
[0113/232429.691:ERROR:process_reader_win.cc(151)] SuspendThread: Отказано в доступе. (0x5)
[0113/232429.691:ERROR:process_reader_win.cc(151)] SuspendThread: Отказано в доступе. (0x5)
[0113/232429.691:ERROR:process_reader_win.cc(151)] SuspendThread: Отказано в доступе. (0x5)
[0113/232429.691:ERROR:process_reader_win.cc(151)] SuspendThread: Отказано в доступе. (0x5)
[0113/232429.691:ERROR:process_reader_win.cc(151)] SuspendThread: Отказано в доступе. (0x5)
[0113/232429.691:ERROR:exception_snapshot_win.cc(99)] thread ID 16068 not found in process
[0113/232429.707:ERROR:process_reader_win.cc(151)] SuspendThread: Отказано в доступе. (0x5)
[0113/232429.707:ERROR:process_reader_win.cc(151)] SuspendThread: Отказано в доступе. (0x5)
[0113/232429.707:ERROR:process_reader_win.cc(151)] SuspendThread: Отказано в доступе. (0x5)
[0113/232429.707:ERROR:process_reader_win.cc(151)] SuspendThread: Отказано в доступе. (0x5)
[0113/232429.707:ERROR:process_reader_win.cc(151)] SuspendThread: Отказано в доступе. (0x5)
[0113/232429.707:ERROR:process_reader_win.cc(151)] SuspendThread: Отказано в доступе. (0x5)
[0113/232429.707:ERROR:process_reader_win.cc(151)] SuspendThread: Отказано в доступе. (0x5)
[0113/232429.707:ERROR:exception_snapshot_win.cc(99)] thread ID 20596 not found in process
[0113/232429.707:ERROR:process_reader_win.cc(151)] SuspendThread: Отказано в доступе. (0x5)
[0113/232429.707:ERROR:process_reader_win.cc(151)] SuspendThread: Отказано в доступе. (0x5)
[0113/232429.707:ERROR:process_reader_win.cc(151)] SuspendThread: Отказано в доступе. (0x5)
[0113/232429.707:ERROR:process_reader_win.cc(151)] SuspendThread: Отказано в доступе. (0x5)
[0113/232429.707:ERROR:process_reader_win.cc(151)] SuspendThread: Отказано в доступе. (0x5)
[0113/232429.707:ERROR:process_reader_win.cc(151)] SuspendThread: Отказано в доступе. (0x5)
[0113/232429.707:ERROR:process_reader_win.cc(151)] SuspendThread: Отказано в доступе. (0x5)
[0113/232429.707:ERROR:process_reader_win.cc(151)] SuspendThread: Отказано в доступе. (0x5)
[0113/232429.707:ERROR:process_reader_win.cc(151)] SuspendThread: Отказано в доступе. (0x5)
[0113/232429.707:ERROR:exception_snapshot_win.cc(99)] thread ID 15036 not found in process
[0116/232059.022:ERROR:directory_reader_win.cc(43)] FindFirstFile: Системе не удается найти указанный путь. (0x3)
